Using pre-set license
Built from '2020.3/staging' branch; Version is '2020.3.16f1 (049d6eca3c44) revision 302446'; Using compiler version '192528614'; Build Type 'Release'
OS: 'Windows 10 Pro; OS build 15063.13; Version 1703; 64bit' Language: 'en' Physical Memory: 3795 MB
BatchMode: 1, IsHumanControllingUs: 0, StartBugReporterOnCrash: 0, Is64bit: 1, IsPro: 0

 COMMAND LINE ARGUMENTS:
C:\Program Files\Unity\Hub\Editor\2020.3.16f1\Editor\Unity.exe
-adb2
-batchMode
-noUpm
-name
AssetImportWorker3
-projectPath
C:/Users/user/Documents/GitHub/Balledonna/Balledonna
-logFile
Logs/AssetImportWorker3.log
-srvPort
54891
Successfully changed project path to: C:/Users/user/Documents/GitHub/Balledonna/Balledonna
C:/Users/user/Documents/GitHub/Balledonna/Balledonna
Using Asset Import Pipeline V2.
Refreshing native plugins compatible for Editor in 55.56 ms, found 2 plugins.
Preloading 0 native plugins for Editor in 0.00 ms.
Initialize engine version: 2020.3.16f1 (049d6eca3c44)
[Subsystems] Discovering subsystems at path C:/Program Files/Unity/Hub/Editor/2020.3.16f1/Editor/Data/Resources/UnitySubsystems
[Subsystems] Discovering subsystems at path C:/Users/user/Documents/GitHub/Balledonna/Balledonna/Assets
GfxDevice: creating device client; threaded=0
Direct3D:
    Version:  Direct3D 11.0 [level 11.1]
    Renderer: Intel(R) HD Graphics 520 (ID=0x1916)
    Vendor:   
    VRAM:     1897 MB
    Driver:   23.20.16.4973
Initialize mono
Mono path[0] = 'C:/Program Files/Unity/Hub/Editor/2020.3.16f1/Editor/Data/Managed'
Mono path[1] = 'C:/Program Files/Unity/Hub/Editor/2020.3.16f1/Editor/Data/MonoBleedingEdge/lib/mono/unityjit'
Mono config path = 'C:/Program Files/Unity/Hub/Editor/2020.3.16f1/Editor/Data/MonoBleedingEdge/etc'
Using monoOptions --debugger-agent=transport=dt_socket,embedding=1,server=y,suspend=n,address=127.0.0.1:56848
Begin MonoManager ReloadAssembly
Registering precompiled unity dll's ...
Register platform support module: C:/Program Files/Unity/Hub/Editor/2020.3.16f1/Editor/Data/PlaybackEngines/WebGLSupport/UnityEditor.WebGL.Extensions.dll
Register platform support module: C:/Program Files/Unity/Hub/Editor/2020.3.16f1/Editor/Data/PlaybackEngines/WindowsStandaloneSupport/UnityEditor.WindowsStandalone.Extensions.dll
Registered in 0.001798 seconds.
Native extension for WindowsStandalone target not found
Native extension for WebGL target not found
Refreshing native plugins compatible for Editor in 63.12 ms, found 2 plugins.
Preloading 0 native plugins for Editor in 0.00 ms.
Mono: successfully reloaded assembly
- Completed reload, in  1.552 seconds
Domain Reload Profiling:
	ReloadAssembly (1552ms)
		BeginReloadAssembly (60ms)
			ExecutionOrderSort (0ms)
			DisableScriptedObjects (0ms)
			BackupInstance (0ms)
			ReleaseScriptingObjects (0ms)
			CreateAndSetChildDomain (1ms)
		EndReloadAssembly (608ms)
			LoadAssemblies (58ms)
			RebuildTransferFunctionScriptingTraits (0ms)
			SetupTypeCache (228ms)
			ReleaseScriptCaches (0ms)
			RebuildScriptCaches (59ms)
			SetupLoadedEditorAssemblies (233ms)
				LogAssemblyErrors (0ms)
				InitializePlatformSupportModulesInManaged (14ms)
				SetLoadedEditorAssemblies (1ms)
				RefreshPlugins (63ms)
				BeforeProcessingInitializeOnLoad (13ms)
				ProcessInitializeOnLoadAttributes (105ms)
				ProcessInitializeOnLoadMethodAttributes (38ms)
				AfterProcessingInitializeOnLoad (0ms)
				EditorAssembliesLoaded (0ms)
			ExecutionOrderSort2 (0ms)
			AwakeInstancesAfterBackupRestoration (0ms)
Platform modules already initialized, skipping
Registering precompiled user dll's ...
Registered in 0.007707 seconds.
Begin MonoManager ReloadAssembly
Native extension for WindowsStandalone target not found
Native extension for WebGL target not found
Refreshing native plugins compatible for Editor in 1.71 ms, found 2 plugins.
Preloading 0 native plugins for Editor in 0.00 ms.
Refreshing native plugins compatible for Editor in 0.78 ms, found 2 plugins.
Mono: successfully reloaded assembly
- Completed reload, in  5.921 seconds
Domain Reload Profiling:
	ReloadAssembly (5925ms)
		BeginReloadAssembly (378ms)
			ExecutionOrderSort (0ms)
			DisableScriptedObjects (13ms)
			BackupInstance (0ms)
			ReleaseScriptingObjects (0ms)
			CreateAndSetChildDomain (41ms)
		EndReloadAssembly (5426ms)
			LoadAssemblies (2338ms)
			RebuildTransferFunctionScriptingTraits (0ms)
			SetupTypeCache (1031ms)
			ReleaseScriptCaches (1ms)
			RebuildScriptCaches (139ms)
			SetupLoadedEditorAssemblies (1560ms)
				LogAssemblyErrors (0ms)
				InitializePlatformSupportModulesInManaged (22ms)
				SetLoadedEditorAssemblies (2ms)
				RefreshPlugins (2ms)
				BeforeProcessingInitializeOnLoad (213ms)
				ProcessInitializeOnLoadAttributes (1300ms)
				ProcessInitializeOnLoadMethodAttributes (10ms)
				AfterProcessingInitializeOnLoad (10ms)
				EditorAssembliesLoaded (1ms)
			ExecutionOrderSort2 (0ms)
			AwakeInstancesAfterBackupRestoration (17ms)
Platform modules already initialized, skipping
========================================================================
Worker process is ready to serve import requests
Launched and connected shader compiler UnityShaderCompiler.exe after 0.27 seconds
Refreshing native plugins compatible for Editor in 1.46 ms, found 2 plugins.
Preloading 0 native plugins for Editor in 0.00 ms.
Unloading 1524 Unused Serialized files (Serialized files now loaded: 0)
System memory in use before: 141.6 MB.
System memory in use after: 141.7 MB.

Unloading 31 unused Assets to reduce memory usage. Loaded Objects now: 1955.
Total: 25.739038 ms (FindLiveObjects: 0.503039 ms CreateObjectMapping: 0.187306 ms MarkObjects: 24.822560 ms  DeleteObjects: 0.221440 ms)

AssetImportParameters requested are different than current active one (requested -> active):
  custom:framework-win-MediaFoundation: 216162199b28c13a410421893ffa2e32 -> 
  custom:video-decoder-ogg-theora: a1e56fd34408186e4bbccfd4996cb3dc -> 
  custom:container-muxer-webm: aa71ff27fc2769a1b78a27578f13a17b -> 
  custom:container-demuxer-webm: 4f35f7cbe854078d1ac9338744f61a02 -> 
  custom:container-demuxer-ogg: 62fdf1f143b41e24485cea50d1cbac27 -> 
  custom:video-encoder-webm-vp8: eb34c28f22e8b96e1ab97ce403110664 -> 
  custom:video-codec-MediaFoundation-h265: 55f8c8538cf0483ab7069ead6b737db2 -> 
  custom:video-decoder-webm-vp8: 9c59270c3fd7afecdb556c50c9e8de78 -> 
  custom:audio-decoder-ogg-vorbis: bf7c407c2cedff20999df2af8eb42d56 -> 
  custom:audio-encoder-webm-vorbis: bf7c407c2cedff20999df2af8eb42d56 -> 
========================================================================
Received Import Request.
  path: Assets/MouseControl.cs
  artifactKey: Guid(c14ffbb431495f747b8bdc8f246a1c79) Importer(815301076,1909f56bfc062723c751e8b465ee728b)
Start importing Assets/MouseControl.cs using Guid(c14ffbb431495f747b8bdc8f246a1c79) Importer(815301076,1909f56bfc062723c751e8b465ee728b)  -> (artifact id: 'a58283bc3b1a30154c4976240f07623c') in 0.145692 seconds 
  Import took 0.149293 seconds .

========================================================================
Received Import Request.
  Time since last request: 20.079796 seconds.
  path: Assets/MouseControl.cs
  artifactKey: Guid(c14ffbb431495f747b8bdc8f246a1c79) Importer(815301076,1909f56bfc062723c751e8b465ee728b)
Start importing Assets/MouseControl.cs using Guid(c14ffbb431495f747b8bdc8f246a1c79) Importer(815301076,1909f56bfc062723c751e8b465ee728b)  -> (artifact id: 'c345f69550a985a9045dfca93b57a94d') in 0.010490 seconds 
  Import took 0.039115 seconds .

========================================================================
Received Import Request.
  Time since last request: 36.605283 seconds.
  path: Assets/Prefabs/Bullet.prefab
  artifactKey: Guid(3cbca074a06e36b45b5089e7bc16818e) Importer(815301076,1909f56bfc062723c751e8b465ee728b)
Start importing Assets/Prefabs/Bullet.prefab using Guid(3cbca074a06e36b45b5089e7bc16818e) Importer(815301076,1909f56bfc062723c751e8b465ee728b)  -> (artifact id: 'ec569526537551698ff7ebcac2c28951') in 2.398959 seconds 
  Import took 2.457692 seconds .

========================================================================
Received Import Request.
  Time since last request: 0.000737 seconds.
  path: Assets/Prefabs/Explosion_A.prefab
  artifactKey: Guid(779aa8c25fbd0e1488637639c9fff976) Importer(815301076,1909f56bfc062723c751e8b465ee728b)
Start importing Assets/Prefabs/Explosion_A.prefab using Guid(779aa8c25fbd0e1488637639c9fff976) Importer(815301076,1909f56bfc062723c751e8b465ee728b)  -> (artifact id: '2e30548ae47ad7f14c3a9c6a65bcaf15') in 0.137601 seconds 
  Import took 0.143881 seconds .

========================================================================
Received Import Request.
  Time since last request: 0.000227 seconds.
  path: Assets/Prefabs/Bullet.prefab
  artifactKey: Guid(3cbca074a06e36b45b5089e7bc16818e) Importer(815301076,1909f56bfc062723c751e8b465ee728b)
Start importing Assets/Prefabs/Bullet.prefab using Guid(3cbca074a06e36b45b5089e7bc16818e) Importer(815301076,1909f56bfc062723c751e8b465ee728b)  -> (artifact id: 'ec569526537551698ff7ebcac2c28951') in 0.120384 seconds 
  Import took 0.125617 seconds .

========================================================================
Received Import Request.
  Time since last request: 0.000272 seconds.
  path: Assets/Prefabs/Explosion_A.prefab
  artifactKey: Guid(779aa8c25fbd0e1488637639c9fff976) Importer(815301076,1909f56bfc062723c751e8b465ee728b)
Start importing Assets/Prefabs/Explosion_A.prefab using Guid(779aa8c25fbd0e1488637639c9fff976) Importer(815301076,1909f56bfc062723c751e8b465ee728b)  -> (artifact id: '2e30548ae47ad7f14c3a9c6a65bcaf15') in 0.022880 seconds 
  Import took 0.027001 seconds .

========================================================================
Received Import Request.
  Time since last request: 0.006276 seconds.
  path: Assets/Prefabs/Bullet.prefab
  artifactKey: Guid(3cbca074a06e36b45b5089e7bc16818e) Importer(815301076,1909f56bfc062723c751e8b465ee728b)
Start importing Assets/Prefabs/Bullet.prefab using Guid(3cbca074a06e36b45b5089e7bc16818e) Importer(815301076,1909f56bfc062723c751e8b465ee728b)  -> (artifact id: 'ec569526537551698ff7ebcac2c28951') in 0.089145 seconds 
  Import took 0.095934 seconds .

========================================================================
Received Import Request.
  Time since last request: 0.000302 seconds.
  path: Assets/Prefabs/Explosion_A.prefab
  artifactKey: Guid(779aa8c25fbd0e1488637639c9fff976) Importer(815301076,1909f56bfc062723c751e8b465ee728b)
Start importing Assets/Prefabs/Explosion_A.prefab using Guid(779aa8c25fbd0e1488637639c9fff976) Importer(815301076,1909f56bfc062723c751e8b465ee728b)  -> (artifact id: '2e30548ae47ad7f14c3a9c6a65bcaf15') in 0.032006 seconds 
  Import took 0.036456 seconds .

========================================================================
Received Import Request.
  Time since last request: 0.000255 seconds.
  path: Assets/Prefabs/Bullet.prefab
  artifactKey: Guid(3cbca074a06e36b45b5089e7bc16818e) Importer(815301076,1909f56bfc062723c751e8b465ee728b)
Start importing Assets/Prefabs/Bullet.prefab using Guid(3cbca074a06e36b45b5089e7bc16818e) Importer(815301076,1909f56bfc062723c751e8b465ee728b)  -> (artifact id: 'ec569526537551698ff7ebcac2c28951') in 0.077723 seconds 
  Import took 0.084303 seconds .

========================================================================
Received Import Request.
  Time since last request: 0.000242 seconds.
  path: Assets/Prefabs/Explosion_A.prefab
  artifactKey: Guid(779aa8c25fbd0e1488637639c9fff976) Importer(815301076,1909f56bfc062723c751e8b465ee728b)
Start importing Assets/Prefabs/Explosion_A.prefab using Guid(779aa8c25fbd0e1488637639c9fff976) Importer(815301076,1909f56bfc062723c751e8b465ee728b)  -> (artifact id: '2e30548ae47ad7f14c3a9c6a65bcaf15') in 0.020116 seconds 
  Import took 0.024718 seconds .

========================================================================
Received Import Request.
  Time since last request: 0.001669 seconds.
  path: Assets/Prefabs/Bullet.prefab
  artifactKey: Guid(3cbca074a06e36b45b5089e7bc16818e) Importer(815301076,1909f56bfc062723c751e8b465ee728b)
Start importing Assets/Prefabs/Bullet.prefab using Guid(3cbca074a06e36b45b5089e7bc16818e) Importer(815301076,1909f56bfc062723c751e8b465ee728b)  -> (artifact id: 'ec569526537551698ff7ebcac2c28951') in 0.086959 seconds 
  Import took 0.093565 seconds .

========================================================================
Received Import Request.
  Time since last request: 0.000282 seconds.
  path: Assets/Prefabs/Explosion_A.prefab
  artifactKey: Guid(779aa8c25fbd0e1488637639c9fff976) Importer(815301076,1909f56bfc062723c751e8b465ee728b)
Start importing Assets/Prefabs/Explosion_A.prefab using Guid(779aa8c25fbd0e1488637639c9fff976) Importer(815301076,1909f56bfc062723c751e8b465ee728b)  -> (artifact id: '2e30548ae47ad7f14c3a9c6a65bcaf15') in 0.024354 seconds 
  Import took 0.028333 seconds .

========================================================================
Received Import Request.
  Time since last request: 85.140770 seconds.
  path: Assets/scripts/PlayControl.cs
  artifactKey: Guid(cd195226ae9cf5645aa88b64621b8eac) Importer(815301076,1909f56bfc062723c751e8b465ee728b)
Start importing Assets/scripts/PlayControl.cs using Guid(cd195226ae9cf5645aa88b64621b8eac) Importer(815301076,1909f56bfc062723c751e8b465ee728b)  -> (artifact id: 'deb89afbb725df0e95a058a811bba79f') in 0.080603 seconds 
  Import took 0.097256 seconds .

========================================================================
Received Import Request.
  Time since last request: 223.860249 seconds.
  path: Assets/scripts/GunController.cs
  artifactKey: Guid(271f782ede825674c8ae8e1a74231f6b) Importer(815301076,1909f56bfc062723c751e8b465ee728b)
Start importing Assets/scripts/GunController.cs using Guid(271f782ede825674c8ae8e1a74231f6b) Importer(815301076,1909f56bfc062723c751e8b465ee728b)  -> (artifact id: 'f56e28fa29ee6d45a81c2b207c8181fd') in 0.037076 seconds 
  Import took 0.053959 seconds .

========================================================================
Received Import Request.
  Time since last request: 37.361065 seconds.
  path: Assets/scripts/GunController.cs
  artifactKey: Guid(271f782ede825674c8ae8e1a74231f6b) Importer(815301076,1909f56bfc062723c751e8b465ee728b)
Start importing Assets/scripts/GunController.cs using Guid(271f782ede825674c8ae8e1a74231f6b) Importer(815301076,1909f56bfc062723c751e8b465ee728b)  -> (artifact id: '689b872e8c61293419fa5caa586ce377') in 0.021700 seconds 
  Import took 0.044752 seconds .

========================================================================
Received Import Request.
  Time since last request: 15.812727 seconds.
  path: Assets/scripts/GunController.cs
  artifactKey: Guid(271f782ede825674c8ae8e1a74231f6b) Importer(815301076,1909f56bfc062723c751e8b465ee728b)
Start importing Assets/scripts/GunController.cs using Guid(271f782ede825674c8ae8e1a74231f6b) Importer(815301076,1909f56bfc062723c751e8b465ee728b)  -> (artifact id: '33ecb83527512da6fee78dd92986940c') in 0.008210 seconds 
  Import took 0.035715 seconds .

========================================================================
Received Import Request.
  Time since last request: 0.001556 seconds.
  path: Assets/scripts/GunController.cs
  artifactKey: Guid(271f782ede825674c8ae8e1a74231f6b) Importer(815301076,1909f56bfc062723c751e8b465ee728b)
Start importing Assets/scripts/GunController.cs using Guid(271f782ede825674c8ae8e1a74231f6b) Importer(815301076,1909f56bfc062723c751e8b465ee728b)  -> (artifact id: '33ecb83527512da6fee78dd92986940c') in 0.008833 seconds 
  Import took 0.014908 seconds .

AssetImportWorkerClient::OnTransportError - code=2 error=End of file
